 
****************************************
Report : timing
        -path full
        -delay max
        -max_paths 1
Design : STI_DAC
Version: Q-2019.12
Date   : Thu Jun 17 14:04:12 2021
****************************************

Operating Conditions: slow   Library: slow
Wire Load Model Mode: top

  Startpoint: pi_length[0]
              (input port clocked by clk)
  Endpoint: so_data_reg
            (rising edge-triggered flip-flop clocked by clk)
  Path Group: clk
  Path Type: max

  Des/Clust/Port     Wire Load Model       Library
  ------------------------------------------------
  STI_DAC            tsmc13_wl10           slow

  Point                                    Incr       Path
  -----------------------------------------------------------
  clock clk (rise edge)                    0.00       0.00
  clock network delay (ideal)              0.50       0.50
  input external delay                     5.00       5.50 r
  pi_length[0] (in)                        0.04       5.54 r
  U430/Y (CLKINVX1)                        0.33       5.86 f
  U231/Y (NOR2X1)                          0.58       6.45 r
  U405/Y (OAI21XL)                         0.28       6.73 f
  U240/Y (OA21X2)                          0.49       7.23 f
  U280/Y (OA21X2)                          0.50       7.73 f
  U388/Y (OAI22XL)                         0.45       8.17 r
  U272/Y (OAI22XL)                         0.31       8.49 f
  U274/Y (OAI21XL)                         0.50       8.99 r
  U278/Y (AOI21X1)                         0.26       9.25 f
  U279/Y (OAI33X1)                         0.38       9.63 r
  so_data_reg/D (DFFRX1)                   0.00       9.63 r
  data arrival time                                   9.63

  clock clk (rise edge)                   10.00      10.00
  clock network delay (ideal)              0.50      10.50
  clock uncertainty                       -0.10      10.40
  so_data_reg/CK (DFFRX1)                  0.00      10.40 r
  library setup time                      -0.29      10.11
  data required time                                 10.11
  -----------------------------------------------------------
  data required time                                 10.11
  data arrival time                                  -9.63
  -----------------------------------------------------------
  slack (MET)                                         0.48


1
